0 info it worked if it ends with ok
1 verbose cli [ '/usr/local/bin/node', '/usr/local/bin/npm', 'run', 'build' ]
2 info using npm@3.10.3
3 info using node@v6.3.1
4 verbose run-script [ 'prebuild', 'build', 'postbuild' ]
5 info lifecycle slime-buddy@1.0.0~prebuild: slime-buddy@1.0.0
6 silly lifecycle slime-buddy@1.0.0~prebuild: no script for prebuild, continuing
7 info lifecycle slime-buddy@1.0.0~build: slime-buddy@1.0.0
8 verbose lifecycle slime-buddy@1.0.0~build: unsafe-perm in lifecycle true
9 verbose lifecycle slime-buddy@1.0.0~build: PATH: /usr/local/lib/node_modules/npm/bin/node-gyp-bin:/Users/wolfgang.schuster/Documents/Lunch/electron/slime-buddy/node_modules/.bin:/usr/local/bin:/Library/Frameworks/Python.framework/Versions/3.5/bin:/usr/bin:/bin:/usr/sbin:/sbin:/usr/local/bin:/opt/X11/bin:/usr/local/git/bin:/usr/local/munki:/Library/Application Support/pinpoint/bin
10 verbose lifecycle slime-buddy@1.0.0~build: CWD: /Users/wolfgang.schuster/Documents/Lunch/electron/slime-buddy
11 silly lifecycle slime-buddy@1.0.0~build: Args: [ '-c',
11 silly lifecycle   'electron-packager ../slime-buddy SlimeBuddy --all --version=0.30.2 --out=~/Desktop/SlimeBuddyBuild --overwrite' ]
12 silly lifecycle slime-buddy@1.0.0~build: Returned: code: 1  signal: null
13 info lifecycle slime-buddy@1.0.0~build: Failed to exec build script
14 verbose stack Error: slime-buddy@1.0.0 build: `electron-packager ../slime-buddy SlimeBuddy --all --version=0.30.2 --out=~/Desktop/SlimeBuddyBuild --overwrite`
14 verbose stack Exit status 1
14 verbose stack     at EventEmitter.<anonymous> (/usr/local/lib/node_modules/npm/lib/utils/lifecycle.js:242:16)
14 verbose stack     at emitTwo (events.js:106:13)
14 verbose stack     at EventEmitter.emit (events.js:191:7)
14 verbose stack     at ChildProcess.<anonymous> (/usr/local/lib/node_modules/npm/lib/utils/spawn.js:40:14)
14 verbose stack     at emitTwo (events.js:106:13)
14 verbose stack     at ChildProcess.emit (events.js:191:7)
14 verbose stack     at maybeClose (internal/child_process.js:852:16)
14 verbose stack     at Process.ChildProcess._handle.onexit (internal/child_process.js:215:5)
15 verbose pkgid slime-buddy@1.0.0
16 verbose cwd /Users/wolfgang.schuster/Documents/Lunch/electron/slime-buddy
17 error Darwin 15.4.0
18 error argv "/usr/local/bin/node" "/usr/local/bin/npm" "run" "build"
19 error node v6.3.1
20 error npm  v3.10.3
21 error code ELIFECYCLE
22 error slime-buddy@1.0.0 build: `electron-packager ../slime-buddy SlimeBuddy --all --version=0.30.2 --out=~/Desktop/SlimeBuddyBuild --overwrite`
22 error Exit status 1
23 error Failed at the slime-buddy@1.0.0 build script 'electron-packager ../slime-buddy SlimeBuddy --all --version=0.30.2 --out=~/Desktop/SlimeBuddyBuild --overwrite'.
23 error Make sure you have the latest version of node.js and npm installed.
23 error If you do, this is most likely a problem with the slime-buddy package,
23 error not with npm itself.
23 error Tell the author that this fails on your system:
23 error     electron-packager ../slime-buddy SlimeBuddy --all --version=0.30.2 --out=~/Desktop/SlimeBuddyBuild --overwrite
23 error You can get information on how to open an issue for this project with:
23 error     npm bugs slime-buddy
23 error Or if that isn't available, you can get their info via:
23 error     npm owner ls slime-buddy
23 error There is likely additional logging output above.
24 verbose exit [ 1, true ]
